
> phase-4@0.1.0 start
> react-scripts start

(node:96524) [DEP0176] DeprecationWarning: fs.F_OK is deprecated, use fs.constants.F_OK instead
(Use `node --trace-deprecation ...` to show where the warning was created)
(node:96524) [DEP_WEBPACK_DEV_SERVER_ON_AFTER_SETUP_MIDDLEWARE] DeprecationWarning: 'onAfterSetupMiddleware' option is deprecated. Please use the 'setupMiddlewares' option.
(node:96524) [DEP_WEBPACK_DEV_SERVER_ON_BEFORE_SETUP_MIDDLEWARE] DeprecationWarning: 'onBeforeSetupMiddleware' option is deprecated. Please use the 'setupMiddlewares' option.
Starting the development server...

Compiled successfully!

You can now view phase-4 in the browser.

  Local:            http://localhost:3000
  On Your Network:  http://10.13.92.61:3000

Note that the development build is not optimized.
To create a production build, use npm run build.

webpack compiled successfully
Failed to compile.

Module not found: Error: Can't resolve '/Users/atheerhani/Desktop/T251/SWE363/Project/phase 4/SWE363-Web-Engineering-Development-Project-T251/phase-4/node_modules/@pmmmwh/react-refresh-webpack-plugin/client/ReactRefreshEntry.js' in '/Users/atheerhani/Desktop/T251/SWE363/Project/phase 4/SWE363-Web-Engineering-Development-Project-T251/phase-4'
ERROR in Module not found: Error: Can't resolve '/Users/atheerhani/Desktop/T251/SWE363/Project/phase 4/SWE363-Web-Engineering-Development-Project-T251/phase-4/node_modules/@pmmmwh/react-refresh-webpack-plugin/client/ReactRefreshEntry.js' in '/Users/atheerhani/Desktop/T251/SWE363/Project/phase 4/SWE363-Web-Engineering-Development-Project-T251/phase-4'

ERROR in Module not found: Error: Can't resolve '/Users/atheerhani/Desktop/T251/SWE363/Project/phase 4/SWE363-Web-Engineering-Development-Project-T251/phase-4/node_modules/webpack-dev-server/client/index.js?protocol=ws%3A&hostname=0.0.0.0&port=3000&pathname=%2Fws&logging=none&overlay=%7B%22errors%22%3Atrue%2C%22warnings%22%3Afalse%7D&reconnect=10&hot=true&live-reload=true' in '/Users/atheerhani/Desktop/T251/SWE363/Project/phase 4/SWE363-Web-Engineering-Development-Project-T251/phase-4'

ERROR in Module not found: Error: Can't resolve '/Users/atheerhani/Desktop/T251/SWE363/Project/phase 4/SWE363-Web-Engineering-Development-Project-T251/phase-4/node_modules/webpack/hot/dev-server.js' in '/Users/atheerhani/Desktop/T251/SWE363/Project/phase 4/SWE363-Web-Engineering-Development-Project-T251/phase-4'

ERROR in main
Module not found: Error: Can't resolve '/Users/atheerhani/Desktop/T251/SWE363/Project/phase 4/SWE363-Web-Engineering-Development-Project-T251/phase-4/src/index.js' in '/Users/atheerhani/Desktop/T251/SWE363/Project/phase 4/SWE363-Web-Engineering-Development-Project-T251/phase-4'

ERROR in Error: Child compilation failed:
Module not found: Error: Can't resolve '/Users/atheerhani/Desktop/T251/SWE363/Project/phase 4/SWE363-Web-Engineering-Development-Project-T251/phase-4/node_modules/html-webpack-plugin/lib/loader.js' in '/Users/atheerhani/Desktop/T251/SWE363/Project/phase 4/SWE363-Web-Engineering-Development-Project-T251/phase-4'
ModuleNotFoundError: Module not found: Error: Can't resolve '/Users/atheerhani/Desktop/T251/SWE363/Project/phase 4/SWE363-Web-Engineering-Development-Project-T251/phase-4/node_modules/html-webpack-plugin/lib/loader.js' in '/Users/atheerhani/Desktop/T251/SWE363/Project/phase 4/SWE363-Web-Engineering-Development-Project-T251/phase-4'
    at /Users/atheerhani/Desktop/T251/SWE363/Project/phase 4/SWE363-Web-Engineering-Development-Project-T251/phase-4/node_modules/webpack/lib/Compilation.js:2029:28
    at /Users/atheerhani/Desktop/T251/SWE363/Project/phase 4/SWE363-Web-Engineering-Development-Project-T251/phase-4/node_modules/webpack/lib/NormalModuleFactory.js:1031:13
    at eval (eval at create (/Users/atheerhani/Desktop/T251/SWE363/Project/phase 4/SWE363-Web-Engineering-Development-Project-T251/phase-4/node_modules/tapable/lib/HookCodeFactory.js:31:10), <anonymous>:10:1)
    at /Users/atheerhani/Desktop/T251/SWE363/Project/phase 4/SWE363-Web-Engineering-Development-Project-T251/phase-4/node_modules/webpack/lib/NormalModuleFactory.js:432:22
    at eval (eval at create (/Users/atheerhani/Desktop/T251/SWE363/Project/phase 4/SWE363-Web-Engineering-Development-Project-T251/phase-4/node_modules/tapable/lib/HookCodeFactory.js:31:10), <anonymous>:9:1)
    at /Users/atheerhani/Desktop/T251/SWE363/Project/phase 4/SWE363-Web-Engineering-Development-Project-T251/phase-4/node_modules/webpack/lib/NormalModuleFactory.js:617:22
    at /Users/atheerhani/Desktop/T251/SWE363/Project/phase 4/SWE363-Web-Engineering-Development-Project-T251/phase-4/node_modules/webpack/lib/NormalModuleFactory.js:183:10
    at /Users/atheerhani/Desktop/T251/SWE363/Project/phase 4/SWE363-Web-Engineering-Development-Project-T251/phase-4/node_modules/webpack/lib/NormalModuleFactory.js:849:23
    at /Users/atheerhani/Desktop/T251/SWE363/Project/phase 4/SWE363-Web-Engineering-Development-Project-T251/phase-4/node_modules/webpack/lib/NormalModuleFactory.js:1341:5
    at /Users/atheerhani/Desktop/T251/SWE363/Project/phase 4/SWE363-Web-Engineering-Development-Project-T251/phase-4/node_modules/neo-async/async.js:2830:7

1 ERROR in child compilations (Use 'stats.children: true' resp. '--stats-children' for more details)
webpack compiled with 6 errors
Compiling...
Compiled successfully!
webpack compiled successfully
Compiling...
Compiled successfully!
webpack compiled successfully
The build failed because the process exited too early. This probably means the system ran out of memory or someone called `kill -9` on the process.
